<?xml version="1.0" encoding="UTF-8"?>
<!-- Generated by org.testng.reporters.JUnitReportReporter -->
<testsuite hostname="INLEN8520068779" failures="0" tests="2" name="cucmberoptions.EditTestRunner" time="0.023" errors="0" timestamp="10 Jun 2022 15:48:16 GMT">
  <testcase classname="cucmberoptions.EditTestRunner" name="feature" time="0.002"/>
  <testcase classname="cucmberoptions.EditTestRunner" name="feature" time="0.021"/>
</testsuite> <!-- cucmberoptions.EditTestRunner -->
