<?xml version="1.0" encoding="UTF-8"?>
<!-- Generated by org.testng.reporters.JUnitReportReporter -->
<testsuite hostname="INLEN8520068779" failures="0" tests="2" name="cucmberoptions.TestRunner" time="0.010" errors="0" timestamp="10 Jun 2022 14:54:06 GMT">
  <testcase classname="cucmberoptions.TestRunner" name="feature" time="0.002"/>
  <testcase classname="cucmberoptions.TestRunner" name="feature" time="0.008"/>
</testsuite> <!-- cucmberoptions.TestRunner -->
