<?xml version="1.0" encoding="UTF-8"?>
<!-- Generated by org.testng.reporters.JUnitReportReporter -->
<testsuite hostname="INLEN8520068779" failures="0" tests="1" name="cucmberoptions.TestRunner" time="0.041" errors="0" timestamp="10 Jun 2022 14:34:44 GMT">
  <testcase classname="cucmberoptions.TestRunner" name="feature" time="0.041"/>
</testsuite> <!-- cucmberoptions.TestRunner -->
