<?xml version="1.0" encoding="UTF-8"?>
<!-- Generated by org.testng.reporters.JUnitReportReporter -->
<testsuite hostname="INLEN8520068628" failures="0" tests="1" name="cucmberoptions.TestRunner" time="0.005" errors="0" timestamp="7 Jun 2022 12:11:44 GMT">
  <testcase classname="cucmberoptions.TestRunner" name="feature" time="0.005"/>
</testsuite> <!-- cucmberoptions.TestRunner -->
